[1;36m[deploy][0m step 1/5: pre-check (HTML/JS validation, changed files only)
[1;36m[check][0m checking cash-management-quiz.html
[1;32m  ✓[0m cash-management-quiz.html: inline JS syntax OK (362 script blocks)
[1;36m[check][0m checking index.html
[1;32m  ✓[0m index.html: inline JS syntax OK (40 script blocks)
[1;36m[check][0m checking cash-regulation3-quiz.html
[1;32m  ✓[0m cash-regulation3-quiz.html: inline JS syntax OK (32 script blocks)
[1;36m[check][0m checking cash-regulation3.html
[1;32m  ✓[0m cash-regulation3.html: inline JS syntax OK (8 script blocks)

[1;32m✅ pre-check OK[0m · 4 file(s) checked
[1;32m  ✓[0m pre-check passed (4 file(s))
[1;36m[deploy][0m step 2/5: commit local changes
[main b044319] deploy: 2026-07-07 11:03 · cash-management-quiz.html, index.html, logs/deploy-20260707-101731.log, cash-regulation3-quiz.html, cash-regulation3.html, logs/deploy-20260707-110345.log
 6 files changed, 1775 insertions(+)
 create mode 100644 cash-regulation3-quiz.html
 create mode 100644 cash-regulation3.html
 create mode 100644 logs/deploy-20260707-110345.log
[1;32m  ✓[0m git working tree clean
[1;36m[deploy][0m step 3/5: push to 'c9-prep/main' (= GitHub Pages production)
To https://github.com/peatlaonado-star/c9-exam-prep.git
   c0ac514..b044319  main -> main
[1;32m  ✓[0m pushed b044319
[1;36m[deploy][0m step 4/5: verify Pages live (3 attempts × 15s)
[1;36m[deploy][0m   attempt 1/3: HTTP 200 from https://peatlaonado-star.github.io/c9-exam-prep/

[1;33m  ![0m size mismatch on cash-management-quiz.html: local=42436, remote=42199 (Pages may still be caching)
[1;32m✅ DEPLOY SUCCESS[0m · https://peatlaonado-star.github.io/c9-exam-prep/
[2m  log: logs/deploy-20260707-110345.log[0m
