[1;36m[deploy][0m step 1/5: pre-check (HTML/JS validation, changed files only)
[1;36m[check][0m checking index.html
[1;32m  ✓[0m index.html: inline JS syntax OK (40 script blocks)
[1;36m[check][0m checking loan-products-summary.html
[1;32m  ✓[0m loan-products-summary.html: inline JS syntax OK (8 script blocks)

[1;32m✅ pre-check OK[0m · 2 file(s) checked
[1;32m  ✓[0m pre-check passed (2 file(s))
[1;36m[deploy][0m step 2/5: commit local changes
[main 01a5349] deploy: 2026-07-08 13:20 · index.html, logs/deploy-20260708-102600.log, loan-products-summary.html, logs/deploy-20260708-132057.log
 4 files changed, 1373 insertions(+), 5 deletions(-)
 create mode 100644 loan-products-summary.html
 create mode 100644 logs/deploy-20260708-132057.log
[1;32m  ✓[0m git working tree clean
[1;36m[deploy][0m step 3/5: push to 'c9-prep/main' (= GitHub Pages production)
To https://github.com/peatlaonado-star/c9-exam-prep.git
   7819984..01a5349  main -> main
[1;32m  ✓[0m pushed 01a5349
[1;36m[deploy][0m step 4/5: verify Pages live (3 attempts × 15s)
[1;36m[deploy][0m   attempt 1/3: HTTP 200 from https://peatlaonado-star.github.io/c9-exam-prep/

[1;33m  ![0m size mismatch on index.html: local=78610, remote=76044 (Pages may still be caching)
[1;32m✅ DEPLOY SUCCESS[0m · https://peatlaonado-star.github.io/c9-exam-prep/
[2m  log: logs/deploy-20260708-132057.log[0m
