[1;36m[deploy][0m step 1/5: pre-check (HTML/JS validation, changed files only)
[1;33m  ![0m no .html in changed set — skipping pre-check
[1;36m[deploy][0m step 2/5: commit local changes
[main c3e8ee9] deploy: 2026-07-04 08:19 · PATTERN-ANALYSIS.md, logs/, scripts/
 9 files changed, 812 insertions(+)
 create mode 100644 PATTERN-ANALYSIS.md
 create mode 100644 logs/deploy-20260704-081734.log
 create mode 100644 logs/deploy-20260704-081820.log
 create mode 100644 logs/deploy-20260704-081821.log
 create mode 100644 logs/deploy-20260704-081855.log
 create mode 100644 logs/deploy-20260704-081919.log
 create mode 100644 scripts/README.md
 create mode 100755 scripts/deploy.sh
 create mode 100755 scripts/pre-check.sh
[1;32m  ✓[0m git working tree clean
[1;36m[deploy][0m step 3/5: push to 'c9-prep/main' (= GitHub Pages production)
To https://github.com/peatlaonado-star/c9-exam-prep.git
   c6144f1..c3e8ee9  main -> main
[1;32m  ✓[0m pushed c3e8ee9
[1;36m[deploy][0m step 4/5: verify Pages live (3 attempts × 15s)
[1;36m[deploy][0m   attempt 1/3: HTTP 200 from https://peatlaonado-star.github.io/c9-exam-prep/

[1;32m  ✓[0m content match: index.html = 52153 bytes (local == Pages)
[1;32m✅ DEPLOY SUCCESS[0m · https://peatlaonado-star.github.io/c9-exam-prep/
[2m  log: logs/deploy-20260704-081919.log[0m
