[1;36m[deploy][0m step 1/5: pre-check (HTML/JS validation, changed files only)
[1;36m[check][0m checking loan-products-quiz.html
[1;32m  ✓[0m loan-products-quiz.html: inline JS syntax OK (198 script blocks)
[1;36m[check][0m checking procurement-policy.html
[1;32m  ✓[0m procurement-policy.html: inline JS syntax OK (69 script blocks)

[1;32m✅ pre-check OK[0m · 2 file(s) checked
[1;32m  ✓[0m pre-check passed (2 file(s))
[1;36m[deploy][0m step 2/5: commit local changes
[main cbad3e8] deploy: 2026-07-09 06:29 · logs/deploy-20260707-110345.log, loan-products-quiz.html, logs/deploy-20260709-062940.log, procurement-policy.html
 4 files changed, 843 insertions(+)
 create mode 100644 loan-products-quiz.html
 create mode 100644 logs/deploy-20260709-062940.log
 create mode 100644 procurement-policy.html
[1;32m  ✓[0m git working tree clean
[1;36m[deploy][0m step 3/5: push to 'c9-prep/main' (= GitHub Pages production)
To https://github.com/peatlaonado-star/c9-exam-prep.git
 ! [rejected]        main -> main (fetch first)
error: failed to push some refs to 'https://github.com/peatlaonado-star/c9-exam-prep.git'
hint: Updates were rejected because the remote contains work that you do not
hint: have locally. This is usually caused by another repository pushing to
hint: the same ref. If you want to integrate the remote changes, use
hint: 'git pull' before pushing again.
hint: See the 'Note about fast-forwards' in 'git push --help' for details.
[1;31m  ✗[0m push failed — check auth (gh auth status) and remote URL
